0 info it worked if it ends with ok
1 verbose cli [ '/usr/local/bin/node',
1 verbose cli   '/usr/local/bin/npm',
1 verbose cli   'run',
1 verbose cli   'test:mocha' ]
2 info using npm@3.10.8
3 info using node@v6.9.1
4 verbose run-script [ 'pretest:mocha', 'test:mocha', 'posttest:mocha' ]
5 info lifecycle Redux-Music@1.0.0~pretest:mocha: Redux-Music@1.0.0
6 silly lifecycle Redux-Music@1.0.0~pretest:mocha: no script for pretest:mocha, continuing
7 info lifecycle Redux-Music@1.0.0~test:mocha: Redux-Music@1.0.0
8 verbose lifecycle Redux-Music@1.0.0~test:mocha: unsafe-perm in lifecycle true
9 verbose lifecycle Redux-Music@1.0.0~test:mocha: PATH: /usr/local/lib/node_modules/npm/bin/node-gyp-bin:/Users/chao/redux-music/node_modules/.bin:/usr/bin:/bin:/usr/sbin:/sbin:/usr/local/bin
10 verbose lifecycle Redux-Music@1.0.0~test:mocha: CWD: /Users/chao/redux-music
11 silly lifecycle Redux-Music@1.0.0~test:mocha: Args: [ '-c',
11 silly lifecycle   'mocha --compilers js:babel-core/register --recursive client/**/tests/**/*.test.js' ]
12 silly lifecycle Redux-Music@1.0.0~test:mocha: Returned: code: 1  signal: null
13 info lifecycle Redux-Music@1.0.0~test:mocha: Failed to exec test:mocha script
14 verbose stack Error: Redux-Music@1.0.0 test:mocha: `mocha --compilers js:babel-core/register --recursive client/**/tests/**/*.test.js`
14 verbose stack Exit status 1
14 verbose stack     at EventEmitter.<anonymous> (/usr/local/lib/node_modules/npm/lib/utils/lifecycle.js:255:16)
14 verbose stack     at emitTwo (events.js:106:13)
14 verbose stack     at EventEmitter.emit (events.js:191:7)
14 verbose stack     at ChildProcess.<anonymous> (/usr/local/lib/node_modules/npm/lib/utils/spawn.js:40:14)
14 verbose stack     at emitTwo (events.js:106:13)
14 verbose stack     at ChildProcess.emit (events.js:191:7)
14 verbose stack     at maybeClose (internal/child_process.js:877:16)
14 verbose stack     at Process.ChildProcess._handle.onexit (internal/child_process.js:226:5)
15 verbose pkgid Redux-Music@1.0.0
16 verbose cwd /Users/chao/redux-music
17 error Darwin 16.1.0
18 error argv "/usr/local/bin/node" "/usr/local/bin/npm" "run" "test:mocha"
19 error node v6.9.1
20 error npm  v3.10.8
21 error code ELIFECYCLE
22 error Redux-Music@1.0.0 test:mocha: `mocha --compilers js:babel-core/register --recursive client/**/tests/**/*.test.js`
22 error Exit status 1
23 error Failed at the Redux-Music@1.0.0 test:mocha script 'mocha --compilers js:babel-core/register --recursive client/**/tests/**/*.test.js'.
23 error Make sure you have the latest version of node.js and npm installed.
23 error If you do, this is most likely a problem with the Redux-Music package,
23 error not with npm itself.
23 error Tell the author that this fails on your system:
23 error     mocha --compilers js:babel-core/register --recursive client/**/tests/**/*.test.js
23 error You can get information on how to open an issue for this project with:
23 error     npm bugs Redux-Music
23 error Or if that isn't available, you can get their info via:
23 error     npm owner ls Redux-Music
23 error There is likely additional logging output above.
24 verbose exit [ 1, true ]
